2019-12-17 00:33:22 INFO  main com.zhouyer.spbdemo.SpbDemoApplication Starting SpbDemoApplication on LAPTOP-M7PFIE6I with PID 22828 (D:\Study\javaProjects\spbdemo\target\classes started by zhouyer in D:\Study\javaProjects\spbdemo)
2019-12-17 00:33:22 INFO  main com.zhouyer.spbdemo.SpbDemoApplication No active profile set, falling back to default profiles: default
2019-12-17 00:33:23 INFO  main org.springframework.data.repository.config.RepositoryConfigurationDelegate Bootstrapping Spring Data repositories in DEFAULT mode.
2019-12-17 00:33:24 INFO  main org.springframework.data.repository.config.RepositoryConfigurationDelegate Finished Spring Data repository scanning in 66ms. Found 1 repository interfaces.
2019-12-17 00:33:24 INFO  main org.springframework.context.support.PostProcessorRegistrationDelegate$BeanPostProcessorChecker Bean 'org.springframework.transaction.annotation.ProxyTransactionManagementConfiguration' of type [org.springframework.transaction.annotation.ProxyTransactionManagementConfiguration] is not eligible for getting processed by all BeanPostProcessors (for example: not eligible for auto-proxying)
2019-12-17 00:33:24 INFO  main org.springframework.boot.web.embedded.tomcat.TomcatWebServer Tomcat initialized with port(s): 8080 (http)
2019-12-17 00:33:24 INFO  main org.apache.coyote.http11.Http11NioProtocol Initializing ProtocolHandler ["http-nio-8080"]
2019-12-17 00:33:24 INFO  main org.apache.catalina.core.StandardService Starting service [Tomcat]
2019-12-17 00:33:24 INFO  main org.apache.catalina.core.StandardEngine Starting Servlet engine: [Apache Tomcat/9.0.27]
2019-12-17 00:33:25 INFO  main org.apache.catalina.core.ContainerBase.[Tomcat].[localhost].[/] Initializing Spring embedded WebApplicationContext
2019-12-17 00:33:25 INFO  main org.springframework.web.context.ContextLoader Root WebApplicationContext: initialization completed in 2651 ms
2019-12-17 00:33:25 INFO  main net.sf.ehcache.pool.sizeof.filter.AnnotationSizeOfFilter Using regular expression provided through VM argument net.sf.ehcache.pool.sizeof.ignore.pattern for IgnoreSizeOf annotation : ^.*cache\..*IgnoreSizeOf$
2019-12-17 00:33:25 INFO  main net.sf.ehcache.pool.sizeof.AgentLoader Located valid 'tools.jar' at 'C:\Program Files\Java\jdk1.8.0_181\jre\lib\tools.jar'
2019-12-17 00:33:25 INFO  main net.sf.ehcache.pool.sizeof.JvmInformation Detected JVM data model settings of: 64-Bit HotSpot JVM with Compressed OOPs
2019-12-17 00:33:25 INFO  main net.sf.ehcache.pool.sizeof.AgentLoader Extracted agent jar to temporary file C:\Users\zhouyer\AppData\Local\Temp\ehcache-sizeof-agent5000069282069443923.jar
2019-12-17 00:33:25 INFO  main net.sf.ehcache.pool.sizeof.AgentLoader Trying to load agent @ C:\Users\zhouyer\AppData\Local\Temp\ehcache-sizeof-agent5000069282069443923.jar
2019-12-17 00:33:25 INFO  main net.sf.ehcache.pool.impl.DefaultSizeOfEngine using Agent sizeof engine
2019-12-17 00:33:25 INFO  main com.zaxxer.hikari.HikariDataSource HikariPool-1 - Starting...
2019-12-17 00:33:25 INFO  main com.zaxxer.hikari.HikariDataSource HikariPool-1 - Start completed.
2019-12-17 00:33:25 INFO  main org.hibernate.jpa.internal.util.LogHelper HHH000204: Processing PersistenceUnitInfo [name: default]
2019-12-17 00:33:25 INFO  main org.hibernate.Version HHH000412: Hibernate Core {5.4.8.Final}
2019-12-17 00:33:26 INFO  main org.hibernate.annotations.common.Version HCANN000001: Hibernate Commons Annotations {5.1.0.Final}
2019-12-17 00:33:26 INFO  main org.hibernate.dialect.Dialect HHH000400: Using dialect: org.hibernate.dialect.MySQL57Dialect
2019-12-17 00:33:27 INFO  main org.hibernate.engine.transaction.jta.platform.internal.JtaPlatformInitiator HHH000490: Using JtaPlatform implementation: [org.hibernate.engine.transaction.jta.platform.internal.NoJtaPlatform]
2019-12-17 00:33:27 INFO  main org.springframework.orm.jpa.LocalContainerEntityManagerFactoryBean Initialized JPA EntityManagerFactory for persistence unit 'default'
2019-12-17 00:33:29 INFO  main springfox.documentation.spring.web.PropertySourcedRequestMappingHandlerMapping Mapped URL path [/v2/api-docs] onto method [springfox.documentation.swagger2.web.Swagger2Controller#getDocumentation(String, HttpServletRequest)]
2019-12-17 00:33:29 INFO  main org.springframework.scheduling.concurrent.ThreadPoolTaskExecutor Initializing ExecutorService 'applicationTaskExecutor'
2019-12-17 00:33:29 INFO  main org.springframework.boot.autoconfigure.web.servlet.WelcomePageHandlerMapping Adding welcome page template: index
2019-12-17 00:33:30 INFO  main org.springframework.scheduling.concurrent.ThreadPoolTaskScheduler Initializing ExecutorService 'taskScheduler'
2019-12-17 00:33:30 INFO  main springfox.documentation.spring.web.plugins.DocumentationPluginsBootstrapper Context refreshed
2019-12-17 00:33:30 INFO  main springfox.documentation.spring.web.plugins.DocumentationPluginsBootstrapper Found 1 custom documentation plugin(s)
2019-12-17 00:33:30 INFO  main springfox.documentation.spring.web.scanners.ApiListingReferenceScanner Scanning for api listing references
2019-12-17 00:33:30 INFO  main springfox.documentation.spring.web.readers.operation.CachingOperationNameGenerator Generating unique operation named: indexUsingGET_1
2019-12-17 00:33:30 INFO  main org.apache.coyote.http11.Http11NioProtocol Starting ProtocolHandler ["http-nio-8080"]
2019-12-17 00:33:30 INFO  main org.springframework.boot.web.embedded.tomcat.TomcatWebServer Tomcat started on port(s): 8080 (http) with context path ''
2019-12-17 00:33:30 INFO  main com.zhouyer.spbdemo.SpbDemoApplication Started SpbDemoApplication in 9.177 seconds (JVM running for 16.515)
2019-12-17 00:33:47 INFO  http-nio-8080-exec-1 org.apache.catalina.core.ContainerBase.[Tomcat].[localhost].[/] Initializing Spring DispatcherServlet 'dispatcherServlet'
2019-12-17 00:33:47 INFO  http-nio-8080-exec-1 org.springframework.web.servlet.DispatcherServlet Initializing Servlet 'dispatcherServlet'
2019-12-17 00:33:47 INFO  http-nio-8080-exec-1 org.springframework.web.servlet.DispatcherServlet Completed initialization in 8 ms
2019-12-17 00:33:49 INFO  http-nio-8080-exec-1 com.zhouyer.spbdemo.aop.InterfaceTimeAspect ----------com.zhouyer.spbdemo.controller.UserController: getName:耗时: 2004 ms
2019-12-17 00:34:52 INFO  main com.zhouyer.spbdemo.SpbDemoApplication Starting SpbDemoApplication on LAPTOP-M7PFIE6I with PID 23404 (D:\Study\javaProjects\spbdemo\target\classes started by zhouyer in D:\Study\javaProjects\spbdemo)
2019-12-17 00:34:52 INFO  main com.zhouyer.spbdemo.SpbDemoApplication No active profile set, falling back to default profiles: default
2019-12-17 00:34:53 INFO  main org.springframework.data.repository.config.RepositoryConfigurationDelegate Bootstrapping Spring Data repositories in DEFAULT mode.
2019-12-17 00:34:53 INFO  main org.springframework.data.repository.config.RepositoryConfigurationDelegate Finished Spring Data repository scanning in 86ms. Found 1 repository interfaces.
2019-12-17 00:34:54 INFO  main org.springframework.context.support.PostProcessorRegistrationDelegate$BeanPostProcessorChecker Bean 'org.springframework.transaction.annotation.ProxyTransactionManagementConfiguration' of type [org.springframework.transaction.annotation.ProxyTransactionManagementConfiguration] is not eligible for getting processed by all BeanPostProcessors (for example: not eligible for auto-proxying)
2019-12-17 00:34:55 INFO  main org.springframework.boot.web.embedded.tomcat.TomcatWebServer Tomcat initialized with port(s): 8080 (http)
2019-12-17 00:34:55 INFO  main org.apache.coyote.http11.Http11NioProtocol Initializing ProtocolHandler ["http-nio-8080"]
2019-12-17 00:34:55 INFO  main org.apache.catalina.core.StandardService Starting service [Tomcat]
2019-12-17 00:34:55 INFO  main org.apache.catalina.core.StandardEngine Starting Servlet engine: [Apache Tomcat/9.0.27]
2019-12-17 00:34:56 INFO  main org.apache.catalina.core.ContainerBase.[Tomcat].[localhost].[/] Initializing Spring embedded WebApplicationContext
2019-12-17 00:34:56 INFO  main org.springframework.web.context.ContextLoader Root WebApplicationContext: initialization completed in 3493 ms
2019-12-17 00:34:56 INFO  main net.sf.ehcache.pool.sizeof.filter.AnnotationSizeOfFilter Using regular expression provided through VM argument net.sf.ehcache.pool.sizeof.ignore.pattern for IgnoreSizeOf annotation : ^.*cache\..*IgnoreSizeOf$
2019-12-17 00:34:56 INFO  main net.sf.ehcache.pool.sizeof.AgentLoader Located valid 'tools.jar' at 'C:\Program Files\Java\jdk1.8.0_181\jre\lib\tools.jar'
2019-12-17 00:34:56 INFO  main net.sf.ehcache.pool.sizeof.JvmInformation Detected JVM data model settings of: 64-Bit HotSpot JVM with Compressed OOPs
2019-12-17 00:34:56 INFO  main net.sf.ehcache.pool.sizeof.AgentLoader Extracted agent jar to temporary file C:\Users\zhouyer\AppData\Local\Temp\ehcache-sizeof-agent8326366978622132768.jar
2019-12-17 00:34:56 INFO  main net.sf.ehcache.pool.sizeof.AgentLoader Trying to load agent @ C:\Users\zhouyer\AppData\Local\Temp\ehcache-sizeof-agent8326366978622132768.jar
2019-12-17 00:34:56 INFO  main net.sf.ehcache.pool.impl.DefaultSizeOfEngine using Agent sizeof engine
2019-12-17 00:34:57 INFO  main com.zaxxer.hikari.HikariDataSource HikariPool-1 - Starting...
2019-12-17 00:34:57 INFO  main com.zaxxer.hikari.HikariDataSource HikariPool-1 - Start completed.
2019-12-17 00:34:57 INFO  main org.hibernate.jpa.internal.util.LogHelper HHH000204: Processing PersistenceUnitInfo [name: default]
2019-12-17 00:34:57 INFO  main org.hibernate.Version HHH000412: Hibernate Core {5.4.8.Final}
2019-12-17 00:34:57 INFO  main org.hibernate.annotations.common.Version HCANN000001: Hibernate Commons Annotations {5.1.0.Final}
2019-12-17 00:34:58 INFO  main org.hibernate.dialect.Dialect HHH000400: Using dialect: org.hibernate.dialect.MySQL57Dialect
2019-12-17 00:34:59 INFO  main org.hibernate.engine.transaction.jta.platform.internal.JtaPlatformInitiator HHH000490: Using JtaPlatform implementation: [org.hibernate.engine.transaction.jta.platform.internal.NoJtaPlatform]
2019-12-17 00:34:59 INFO  main org.springframework.orm.jpa.LocalContainerEntityManagerFactoryBean Initialized JPA EntityManagerFactory for persistence unit 'default'
2019-12-17 00:35:01 INFO  main springfox.documentation.spring.web.PropertySourcedRequestMappingHandlerMapping Mapped URL path [/v2/api-docs] onto method [springfox.documentation.swagger2.web.Swagger2Controller#getDocumentation(String, HttpServletRequest)]
2019-12-17 00:35:01 INFO  main org.springframework.scheduling.concurrent.ThreadPoolTaskExecutor Initializing ExecutorService 'applicationTaskExecutor'
2019-12-17 00:35:01 INFO  main org.springframework.boot.autoconfigure.web.servlet.WelcomePageHandlerMapping Adding welcome page template: index
2019-12-17 00:35:02 INFO  main org.springframework.scheduling.concurrent.ThreadPoolTaskScheduler Initializing ExecutorService 'taskScheduler'
2019-12-17 00:35:02 INFO  main springfox.documentation.spring.web.plugins.DocumentationPluginsBootstrapper Context refreshed
2019-12-17 00:35:02 INFO  main springfox.documentation.spring.web.plugins.DocumentationPluginsBootstrapper Found 1 custom documentation plugin(s)
2019-12-17 00:35:02 INFO  main springfox.documentation.spring.web.scanners.ApiListingReferenceScanner Scanning for api listing references
2019-12-17 00:35:02 INFO  main springfox.documentation.spring.web.readers.operation.CachingOperationNameGenerator Generating unique operation named: indexUsingGET_1
2019-12-17 00:35:02 INFO  main org.apache.coyote.http11.Http11NioProtocol Starting ProtocolHandler ["http-nio-8080"]
2019-12-17 00:35:02 INFO  main org.springframework.boot.web.embedded.tomcat.TomcatWebServer Tomcat started on port(s): 8080 (http) with context path ''
2019-12-17 00:35:02 INFO  main com.zhouyer.spbdemo.SpbDemoApplication Started SpbDemoApplication in 10.356 seconds (JVM running for 12.09)
2019-12-17 00:35:07 INFO  http-nio-8080-exec-1 org.apache.catalina.core.ContainerBase.[Tomcat].[localhost].[/] Initializing Spring DispatcherServlet 'dispatcherServlet'
2019-12-17 00:35:07 INFO  http-nio-8080-exec-1 org.springframework.web.servlet.DispatcherServlet Initializing Servlet 'dispatcherServlet'
2019-12-17 00:35:07 INFO  http-nio-8080-exec-1 org.springframework.web.servlet.DispatcherServlet Completed initialization in 7 ms
2019-12-17 00:35:09 INFO  http-nio-8080-exec-1 com.zhouyer.spbdemo.aop.InterfaceTimeAspect ----------com.zhouyer.spbdemo.controller.UserController: getName:耗时: 2005 ms
